<?xml version="1.0" encoding="UTF-8"?>
<testsuite name="com.app.server.service.ContactTypeTestCase" tests="4" skipped="0" failures="0" errors="0" timestamp="2016-02-08T13:05:07" hostname="2dd7cf7d7355" time="0.057">
  <properties/>
  <testcase name="test1Save" classname="com.app.server.service.ContactTypeTestCase" time="0.036"/>
  <testcase name="test2Update" classname="com.app.server.service.ContactTypeTestCase" time="0.009"/>
  <testcase name="test3FindById" classname="com.app.server.service.ContactTypeTestCase" time="0.005"/>
  <testcase name="test4Delete" classname="com.app.server.service.ContactTypeTestCase" time="0.007"/>
  <system-out><![CDATA[Setting logged in user info for ADD
[EL Fine]: sql: 2016-02-08 13:05:07.734--ClientSession(1969336475)--Connection(2117600973)--Thread(Thread[Test worker,5,main])--INSERT INTO ast_ContactType_M (contactTypeId, contactType, contactTypeDesc, contactTypeIcon, versionId, createdBy, createdDate, updatedBy, updatedDate, activeStatus, txnAccessCode) VALUES (?, ?, ?, ?, ?, ?, ?, ?, ?, ?, ?)
	bind => [BDF7D71C-9522-4885-AB65-092650610E8D, lFKYVlWRbQCL0Y36KlzsD8hZ2Bx4lcyybVe5vYasFNlqlRnvT7, Z9wYSA7hen5MIv93CbAYnBUKVY6KVze5oTGX5t15XmeRT888j2, xTeoZgZcF7OwFg3OySmODEErsf3UNumS01uanopUUEjb0hf2mV, 1, AAAAA, 2016-02-08 13:05:07.71, null, 2016-02-08 13:05:07.71, 1, 51000]
[EL Fine]: sql: 2016-02-08 13:05:07.741--ClientSession(1926195529)--Connection(2117600973)--Thread(Thread[Test worker,5,main])--SELECT contactTypeId, contactType, contactTypeDesc, contactTypeIcon, versionId, createdBy, createdDate, updatedBy, updatedDate, activeStatus, txnAccessCode FROM ast_ContactType_M WHERE ((activeStatus = ?) AND (contactTypeId = ?))
	bind => [1, BDF7D71C-9522-4885-AB65-092650610E8D]
Setting logged in user info for UPDATE
[EL Fine]: sql: 2016-02-08 13:05:07.743--ClientSession(849961509)--Connection(2117600973)--Thread(Thread[Test worker,5,main])--SELECT contactTypeId, contactType, contactTypeDesc, contactTypeIcon, versionId, createdBy, createdDate, updatedBy, updatedDate, activeStatus, txnAccessCode FROM ast_ContactType_M WHERE (contactTypeId = ?)
	bind => [BDF7D71C-9522-4885-AB65-092650610E8D]
[EL Fine]: sql: 2016-02-08 13:05:07.744--ClientSession(849961509)--Connection(2117600973)--Thread(Thread[Test worker,5,main])--UPDATE ast_ContactType_M SET contactType = ?, contactTypeDesc = ?, contactTypeIcon = ?, updatedBy = ?, versionId = ? WHERE ((contactTypeId = ?) AND (versionId = ?))
	bind => [JV4U5vSwqzQSP25P5aspcAGHndCZ1Yri2BBwjskd41fVDqSqf7, n7ze8lWXo2UmEDrc4mDOpOLgiX6lhvgAuOoUoZaO6nvKIaoZlf, 6vFzXh4Z1UhseJha0w6tR0en54EOZZl4BTWpUJuWaoDqL9aUzs, AAAAA, 2, BDF7D71C-9522-4885-AB65-092650610E8D, 1]
[EL Fine]: sql: 2016-02-08 13:05:07.75--ClientSession(192945945)--Connection(2117600973)--Thread(Thread[Test worker,5,main])--SELECT contactTypeId, contactType, contactTypeDesc, contactTypeIcon, versionId, createdBy, createdDate, updatedBy, updatedDate, activeStatus, txnAccessCode FROM ast_ContactType_M WHERE ((activeStatus = ?) AND (contactTypeId = ?))
	bind => [1, BDF7D71C-9522-4885-AB65-092650610E8D]
[EL Fine]: sql: 2016-02-08 13:05:07.754--ClientSession(2078554669)--Connection(2117600973)--Thread(Thread[Test worker,5,main])--SELECT contactTypeId, contactType, contactTypeDesc, contactTypeIcon, versionId, createdBy, createdDate, updatedBy, updatedDate, activeStatus, txnAccessCode FROM ast_ContactType_M WHERE (contactTypeId = ?)
	bind => [BDF7D71C-9522-4885-AB65-092650610E8D]
[EL Fine]: sql: 2016-02-08 13:05:07.755--ClientSession(2078554669)--Connection(2117600973)--Thread(Thread[Test worker,5,main])--DELETE FROM ast_ContactType_M WHERE ((contactTypeId = ?) AND (versionId = ?))
	bind => [BDF7D71C-9522-4885-AB65-092650610E8D, 2]
]]></system-out>
  <system-err><![CDATA[]]></system-err>
</testsuite>
