<?xml version="1.0" encoding="UTF-8"?>
<testsuite name="com.app.server.service.AddressTypeTestCase" tests="4" skipped="0" failures="0" errors="0" timestamp="2016-02-08T13:05:05" hostname="2dd7cf7d7355" time="0.085">
  <properties/>
  <testcase name="test1Save" classname="com.app.server.service.AddressTypeTestCase" time="0.06"/>
  <testcase name="test2Update" classname="com.app.server.service.AddressTypeTestCase" time="0.011"/>
  <testcase name="test3FindById" classname="com.app.server.service.AddressTypeTestCase" time="0.005"/>
  <testcase name="test4Delete" classname="com.app.server.service.AddressTypeTestCase" time="0.008"/>
  <system-out><![CDATA[Setting logged in user info for ADD
[EL Fine]: sql: 2016-02-08 13:05:05.058--ClientSession(462610965)--Connection(2117600973)--Thread(Thread[Test worker,5,main])--INSERT INTO ast_AddressType_M (addressTypeId, addressType, addressTypeDesc, addressTypeIcon, versionId, createdBy, createdDate, updatedBy, updatedDate, activeStatus, txnAccessCode) VALUES (?, ?, ?, ?, ?, ?, ?, ?, ?, ?, ?)
	bind => [E32CB1F6-4FCA-4D91-BC57-71041B60E1F6, MKFKw7eg31RUZEK5QJ9zvKtaxdUa3Ltr7JOEsJCyANlvsFqEoo, aQyu1ECibtmV2RtQbRrc696MSvMqxVqv1js47CV4DArLrnhCRC, hx7wmWRpC2iseVzfa0dLTukaHPGa29YLCvEey46JapCdiLfvDk, 1, AAAAA, 2016-02-08 13:05:05.012, null, 2016-02-08 13:05:05.012, 1, 51000]
[EL Fine]: sql: 2016-02-08 13:05:05.066--ClientSession(755675030)--Connection(2117600973)--Thread(Thread[Test worker,5,main])--SELECT addressTypeId, addressType, addressTypeDesc, addressTypeIcon, versionId, createdBy, createdDate, updatedBy, updatedDate, activeStatus, txnAccessCode FROM ast_AddressType_M WHERE ((activeStatus = ?) AND (addressTypeId = ?))
	bind => [1, E32CB1F6-4FCA-4D91-BC57-71041B60E1F6]
Setting logged in user info for UPDATE
[EL Fine]: sql: 2016-02-08 13:05:05.069--ClientSession(2033777800)--Connection(2117600973)--Thread(Thread[Test worker,5,main])--SELECT addressTypeId, addressType, addressTypeDesc, addressTypeIcon, versionId, createdBy, createdDate, updatedBy, updatedDate, activeStatus, txnAccessCode FROM ast_AddressType_M WHERE (addressTypeId = ?)
	bind => [E32CB1F6-4FCA-4D91-BC57-71041B60E1F6]
[EL Fine]: sql: 2016-02-08 13:05:05.07--ClientSession(2033777800)--Connection(2117600973)--Thread(Thread[Test worker,5,main])--UPDATE ast_AddressType_M SET addressType = ?, addressTypeDesc = ?, addressTypeIcon = ?, updatedBy = ?, versionId = ? WHERE ((addressTypeId = ?) AND (versionId = ?))
	bind => [LQ9RQ1ygLAk0iHR2bEHoJ5octDWY7hGMaBNIsYtX5zO2s3qWwN, v7NfDXpZmL3kYQvcoydotgp5bqRwFqh0SUb9KAkhvR1XacGjid, j85jFxz3akjPxoFuqBSwd9TgngjbLFBYYf9dzDpMn36vJS4Cgr, AAAAA, 2, E32CB1F6-4FCA-4D91-BC57-71041B60E1F6, 1]
[EL Fine]: sql: 2016-02-08 13:05:05.077--ClientSession(1455690014)--Connection(2117600973)--Thread(Thread[Test worker,5,main])--SELECT addressTypeId, addressType, addressTypeDesc, addressTypeIcon, versionId, createdBy, createdDate, updatedBy, updatedDate, activeStatus, txnAccessCode FROM ast_AddressType_M WHERE ((activeStatus = ?) AND (addressTypeId = ?))
	bind => [1, E32CB1F6-4FCA-4D91-BC57-71041B60E1F6]
[EL Fine]: sql: 2016-02-08 13:05:05.082--ClientSession(678227356)--Connection(2117600973)--Thread(Thread[Test worker,5,main])--SELECT addressTypeId, addressType, addressTypeDesc, addressTypeIcon, versionId, createdBy, createdDate, updatedBy, updatedDate, activeStatus, txnAccessCode FROM ast_AddressType_M WHERE (addressTypeId = ?)
	bind => [E32CB1F6-4FCA-4D91-BC57-71041B60E1F6]
[EL Fine]: sql: 2016-02-08 13:05:05.083--ClientSession(678227356)--Connection(2117600973)--Thread(Thread[Test worker,5,main])--DELETE FROM ast_AddressType_M WHERE ((addressTypeId = ?) AND (versionId = ?))
	bind => [E32CB1F6-4FCA-4D91-BC57-71041B60E1F6, 2]
]]></system-out>
  <system-err><![CDATA[]]></system-err>
</testsuite>
