<?xml version="1.0" encoding="UTF-8"?>
<testsuite name="com.app.server.service.TestTestCase" tests="4" skipped="0" failures="0" errors="0" timestamp="2016-02-08T13:05:05" hostname="2dd7cf7d7355" time="0.071">
  <properties/>
  <testcase name="test1Save" classname="com.app.server.service.TestTestCase" time="0.047"/>
  <testcase name="test2Update" classname="com.app.server.service.TestTestCase" time="0.011"/>
  <testcase name="test3FindById" classname="com.app.server.service.TestTestCase" time="0.004"/>
  <testcase name="test4Delete" classname="com.app.server.service.TestTestCase" time="0.009"/>
  <system-out><![CDATA[Setting logged in user info for ADD
[EL Fine]: sql: 2016-02-08 13:05:05.645--ClientSession(1509717206)--Connection(2117600973)--Thread(Thread[Test worker,5,main])--INSERT INTO ast_Test_T (tid, tnm, tno, versionId, createdBy, createdDate, updatedBy, updatedDate, activeStatus, txnAccessCode) VALUES (?, ?, ?, ?, ?, ?, ?, ?, ?, ?)
	bind => [5B55595F-7D16-48E5-A2D3-E65FEE7082D3, cGfI5w26RAU9V259ND2J6agkFDENzjBsDbO3evd0AGwz69bzgY, 2147483647, 1, AAAAA, 2016-02-08 13:05:05.617, null, 2016-02-08 13:05:05.617, 1, 51000]
[EL Fine]: sql: 2016-02-08 13:05:05.653--ClientSession(382168826)--Connection(2117600973)--Thread(Thread[Test worker,5,main])--SELECT tid, tnm, tno, versionId, createdBy, createdDate, updatedBy, updatedDate, activeStatus, txnAccessCode FROM ast_Test_T WHERE ((activeStatus = ?) AND (tid = ?))
	bind => [1, 5B55595F-7D16-48E5-A2D3-E65FEE7082D3]
Setting logged in user info for UPDATE
[EL Fine]: sql: 2016-02-08 13:05:05.655--ClientSession(646406872)--Connection(2117600973)--Thread(Thread[Test worker,5,main])--SELECT tid, tnm, tno, versionId, createdBy, createdDate, updatedBy, updatedDate, activeStatus, txnAccessCode FROM ast_Test_T WHERE (tid = ?)
	bind => [5B55595F-7D16-48E5-A2D3-E65FEE7082D3]
[EL Fine]: sql: 2016-02-08 13:05:05.657--ClientSession(646406872)--Connection(2117600973)--Thread(Thread[Test worker,5,main])--UPDATE ast_Test_T SET tnm = ?, updatedBy = ?, versionId = ? WHERE ((tid = ?) AND (versionId = ?))
	bind => [o5oMdCRBhFcta1UYdAPthAF0tSQdLDytPIsJgVcD3lhTNF11K7, AAAAA, 2, 5B55595F-7D16-48E5-A2D3-E65FEE7082D3, 1]
[EL Fine]: sql: 2016-02-08 13:05:05.663--ClientSession(1031470863)--Connection(2117600973)--Thread(Thread[Test worker,5,main])--SELECT tid, tnm, tno, versionId, createdBy, createdDate, updatedBy, updatedDate, activeStatus, txnAccessCode FROM ast_Test_T WHERE ((activeStatus = ?) AND (tid = ?))
	bind => [1, 5B55595F-7D16-48E5-A2D3-E65FEE7082D3]
[EL Fine]: sql: 2016-02-08 13:05:05.668--ClientSession(1455167922)--Connection(2117600973)--Thread(Thread[Test worker,5,main])--SELECT tid, tnm, tno, versionId, createdBy, createdDate, updatedBy, updatedDate, activeStatus, txnAccessCode FROM ast_Test_T WHERE (tid = ?)
	bind => [5B55595F-7D16-48E5-A2D3-E65FEE7082D3]
[EL Fine]: sql: 2016-02-08 13:05:05.669--ClientSession(1455167922)--Connection(2117600973)--Thread(Thread[Test worker,5,main])--DELETE FROM ast_Test_T WHERE ((tid = ?) AND (versionId = ?))
	bind => [5B55595F-7D16-48E5-A2D3-E65FEE7082D3, 2]
]]></system-out>
  <system-err><![CDATA[]]></system-err>
</testsuite>
