<?xml version="1.0" encoding="UTF-8"?>
<testsuite name="com.app.server.service.PasswordAlgoTestCase" tests="4" skipped="0" failures="0" errors="0" timestamp="2016-02-08T13:05:07" hostname="2dd7cf7d7355" time="0.061">
  <properties/>
  <testcase name="test1Save" classname="com.app.server.service.PasswordAlgoTestCase" time="0.039"/>
  <testcase name="test2Update" classname="com.app.server.service.PasswordAlgoTestCase" time="0.01"/>
  <testcase name="test3FindById" classname="com.app.server.service.PasswordAlgoTestCase" time="0.004"/>
  <testcase name="test4Delete" classname="com.app.server.service.PasswordAlgoTestCase" time="0.007"/>
  <system-out><![CDATA[Setting logged in user info for ADD
[EL Fine]: sql: 2016-02-08 13:05:07.322--ClientSession(672305607)--Connection(2117600973)--Thread(Thread[Test worker,5,main])--INSERT INTO ast_PasswordAlgo_M (algoId, algoDescription, algoHelp, algoIcon, algoName, algorithm, versionId, createdBy, createdDate, updatedBy, updatedDate, activeStatus, txnAccessCode) VALUES (?, ?, ?, ?, ?, ?, ?, ?, ?, ?, ?, ?, ?)
	bind => [47868107-530B-4AD4-802E-90CE8B9EEED1, nOFpDy03uCn1Y2kZLfjs6mxeQ2EVYl7ln1sXkD1VtNJwoa3Z17, MlV5h7SrC0DqVjOKJU9KzWlpPOBZxufMSy2onAjFZVAAeaDFqQ, 56kcgDxgzqaUBaXhOCZlEbWhJkqCoY6CUDvnAzWIzKgL11rEeO, MnVdy5mqrStZNToMSo3YJJejmK1q1a6XI30QXbG7Gh1aGm1Q74, 1, 1, AAAAA, 2016-02-08 13:05:07.296, null, 2016-02-08 13:05:07.296, 1, 51000]
[EL Fine]: sql: 2016-02-08 13:05:07.329--ClientSession(1618095652)--Connection(2117600973)--Thread(Thread[Test worker,5,main])--SELECT algoId, algoDescription, algoHelp, algoIcon, algoName, algorithm, versionId, createdBy, createdDate, updatedBy, updatedDate, activeStatus, txnAccessCode FROM ast_PasswordAlgo_M WHERE ((activeStatus = ?) AND (algoId = ?))
	bind => [1, 47868107-530B-4AD4-802E-90CE8B9EEED1]
Setting logged in user info for UPDATE
[EL Fine]: sql: 2016-02-08 13:05:07.332--ClientSession(460328291)--Connection(2117600973)--Thread(Thread[Test worker,5,main])--SELECT algoId, algoDescription, algoHelp, algoIcon, algoName, algorithm, versionId, createdBy, createdDate, updatedBy, updatedDate, activeStatus, txnAccessCode FROM ast_PasswordAlgo_M WHERE (algoId = ?)
	bind => [47868107-530B-4AD4-802E-90CE8B9EEED1]
[EL Fine]: sql: 2016-02-08 13:05:07.333--ClientSession(460328291)--Connection(2117600973)--Thread(Thread[Test worker,5,main])--UPDATE ast_PasswordAlgo_M SET algoDescription = ?, algoHelp = ?, algoIcon = ?, algoName = ?, algorithm = ?, updatedBy = ?, versionId = ? WHERE ((algoId = ?) AND (versionId = ?))
	bind => [rJBAXFcSGE5iVm3LUUyd4srLYTevvWCmx8r9UZwhArWd20dpti, sIj4Mu96Bm3Wfzla1OW3knkCTjOX2WHEevJYvSY7Gb78YR2daG, gAk3ggFOfQ1ILzpqx30KmBCcLSCe4LrWgqPLAhmdRvoZlVggc6, GBuqEBKKJw9czkJU1BCuZrMFlqH03UZufTpnPDpxn7dA9Wqgfu, 11, AAAAA, 2, 47868107-530B-4AD4-802E-90CE8B9EEED1, 1]
[EL Fine]: sql: 2016-02-08 13:05:07.339--ClientSession(546864503)--Connection(2117600973)--Thread(Thread[Test worker,5,main])--SELECT algoId, algoDescription, algoHelp, algoIcon, algoName, algorithm, versionId, createdBy, createdDate, updatedBy, updatedDate, activeStatus, txnAccessCode FROM ast_PasswordAlgo_M WHERE ((activeStatus = ?) AND (algoId = ?))
	bind => [1, 47868107-530B-4AD4-802E-90CE8B9EEED1]
[EL Fine]: sql: 2016-02-08 13:05:07.344--ClientSession(25687679)--Connection(2117600973)--Thread(Thread[Test worker,5,main])--SELECT algoId, algoDescription, algoHelp, algoIcon, algoName, algorithm, versionId, createdBy, createdDate, updatedBy, updatedDate, activeStatus, txnAccessCode FROM ast_PasswordAlgo_M WHERE (algoId = ?)
	bind => [47868107-530B-4AD4-802E-90CE8B9EEED1]
[EL Fine]: sql: 2016-02-08 13:05:07.345--ClientSession(25687679)--Connection(2117600973)--Thread(Thread[Test worker,5,main])--DELETE FROM ast_PasswordAlgo_M WHERE ((algoId = ?) AND (versionId = ?))
	bind => [47868107-530B-4AD4-802E-90CE8B9EEED1, 2]
]]></system-out>
  <system-err><![CDATA[]]></system-err>
</testsuite>
